<?xml version="1.0" encoding="UTF-8"?>
<testng-results ignored="0" total="0" passed="0" failed="0" skipped="0">
  <reporter-output>
  </reporter-output>
  <suite started-at="2024-02-11T16:46:55 IST" name="Surefire suite" finished-at="2024-02-11T16:46:55 IST" duration-ms="376">
    <groups>
    </groups>
    <test started-at="2024-02-11T16:46:55 IST" name="Surefire test" finished-at="2024-02-11T16:46:55 IST" duration-ms="376">
      <class name="com.link.base.BaseTest">
        <test-method is-config="true" signature="StartTest()[pri:0, instance:com.link.base.BaseTest@2898ac89]" started-at="2024-02-11T16:46:55 IST" name="StartTest" finished-at="2024-02-11T16:46:55 IST" duration-ms="180" status="PASS">
          <reporter-output>
          </reporter-output>
        </test-method> <!-- StartTest -->
        <test-method is-config="true" signature="endTest()[pri:0, instance:com.link.base.BaseTest@2898ac89]" started-at="2024-02-11T16:46:55 IST" name="endTest" finished-at="2024-02-11T16:46:55 IST" duration-ms="186" status="PASS">
          <reporter-output>
          </reporter-output>
        </test-method> <!-- endTest -->
      </class> <!-- com.link.base.BaseTest -->
    </test> <!-- Surefire test -->
  </suite> <!-- Surefire suite -->
</testng-results>
